<?xml version="1.0" encoding="UTF-8"?>
<testsuite name="threesolid.TestWorker" tests="1" skipped="0" failures="0" errors="0" timestamp="2018-10-24T17:46:17" hostname="DESKTOP-5G00FGR" time="0.007">
  <properties/>
  <testcase name="testWorkMethod()" classname="threesolid.TestWorker" time="0.007"/>
  <system-out><![CDATA[]]></system-out>
  <system-err><![CDATA[]]></system-err>
</testsuite>
